[18:14:13] [ServerMain/INFO]: [bootstrap] Running Java 21 (OpenJDK 64-Bit Server VM 21.0.6+7-Ubuntu-122.04.1; Ubuntu null) on Linux 6.8.0-1024-oracle (amd64)
[18:14:13] [ServerMain/INFO]: [bootstrap] Loading Paper 1.21.5-22-main@6c2b037 (2025-04-16T18:32:47Z) for Minecraft 1.21.5
[18:14:14] [ServerMain/INFO]: [PluginInitializerManager] Initializing plugins...
[18:14:14] [ServerMain/INFO]: [PluginInitializerManager] Initialized 0 plugins
[18:14:17] [ServerMain/INFO]: Environment: Environment[sessionHost=https://sessionserver.mojang.com, servicesHost=https://api.minecraftservices.com, name=PROD]
[18:14:17] [ServerMain/INFO]: Found new data pack file/bukkit, loading it automatically
[18:14:17] [ServerMain/INFO]: Found new data pack paper, loading it automatically
[18:14:18] [ServerMain/INFO]: No existing world data, creating new world
[18:14:18] [ServerMain/INFO]: Loaded 1373 recipes
[18:14:18] [ServerMain/INFO]: Loaded 1484 advancements
[18:14:19] [Server thread/INFO]: Starting minecraft server version 1.21.5
[18:14:19] [Server thread/INFO]: Loading properties
[18:14:19] [Server thread/INFO]: This server is running Paper version 1.21.5-22-main@6c2b037 (2025-04-16T18:32:47Z) (Implementing API version 1.21.5-R0.1-SNAPSHOT)
[18:14:19] [Server thread/INFO]: [spark] This server bundles the spark profiler. For more information please visit https://docs.papermc.io/paper/profiling
[18:14:19] [Server thread/INFO]: Server Ping Player Sample Count: 12
[18:14:19] [Server thread/INFO]: Using 4 threads for Netty based IO
[18:14:19] [Server thread/INFO]: [MoonriseCommon] Paper is using 3 worker threads, 1 I/O threads
[18:14:19] [Server thread/INFO]: [ChunkTaskScheduler] Chunk system is using population gen parallelism: true
[18:14:20] [Server thread/INFO]: Default game type: SURVIVAL
[18:14:20] [Server thread/INFO]: Generating keypair
[18:14:20] [Server thread/INFO]: Starting Minecraft server on *:25565
[18:14:20] [Server thread/INFO]: Using epoll channel type
[18:14:20] [Server thread/INFO]: Paper: Using libdeflate (Linux x86_64) compression from Velocity.
[18:14:20] [Server thread/INFO]: Paper: Using OpenSSL 3.x.x (Linux x86_64) cipher from Velocity.
[18:14:20] [Server thread/INFO]: Server permissions file permissions.yml is empty, ignoring it
[18:14:20] [Server thread/INFO]: Preparing level "world"
[18:14:23] [Server thread/INFO]: Preparing start region for dimension minecraft:overworld
[18:14:23] [Server thread/INFO]: Preparing spawn area: 2%
[18:14:24] [Server thread/INFO]: Preparing spawn area: 2%
[18:14:25] [Server thread/INFO]: Preparing spawn area: 16%
[18:14:25] [Server thread/INFO]: Preparing spawn area: 16%
[18:14:25] [Server thread/INFO]: Time elapsed: 1784 ms
[18:14:25] [Server thread/INFO]: Preparing start region for dimension minecraft:the_nether
[18:14:25] [Server thread/INFO]: Preparing spawn area: 2%
[18:14:25] [Server thread/INFO]: Preparing spawn area: 71%
[18:14:25] [Server thread/INFO]: Time elapsed: 551 ms
[18:14:25] [Server thread/INFO]: Preparing start region for dimension minecraft:the_end
[18:14:25] [Server thread/INFO]: Preparing spawn area: 2%
[18:14:26] [Server thread/INFO]: Time elapsed: 180 ms
[18:14:26] [Server thread/INFO]: [spark] Starting background profiler...
[18:14:26] [Server thread/INFO]: Done preparing level "world" (6.232s)
[18:14:26] [Server thread/INFO]: Running delayed init tasks
[18:14:26] [Server thread/INFO]: Done (13.117s)! For help, type "help"
[18:14:39] [User Authenticator #0/INFO]: UUID of player SayGabbis is 4f43b56b-fbab-421b-8faa-7c90b1ee609d
[18:14:40] [Server thread/INFO]: SayGabbis joined the game
[18:14:40] [Server thread/INFO]: SayGabbis[/170.244.253.6:62709] logged in with entity id 111 at ([world]-336.5, 73.0, 6.5)
[18:14:47] [User Authenticator #0/INFO]: UUID of player Binho_bolinha19 is 37df0acd-f660-4673-9657-eecfe7ab4b87
[18:14:47] [Server thread/INFO]: Binho_bolinha19 joined the game
[18:14:47] [Server thread/INFO]: Binho_bolinha19[/189.50.231.238:64334] logged in with entity id 345 at ([world]-337.5, 71.0, 8.5)
[18:16:34] [Server thread/INFO]: SayGabbis has made the advancement [Stone Age]
[18:17:58] [Server thread/INFO]: SayGabbis lost connection: Disconnected
[18:17:58] [Server thread/INFO]: SayGabbis left the game
[18:18:05] [Server thread/INFO]: Binho_bolinha19 has made the advancement [Stone Age]
[18:18:34] [Server thread/INFO]: Binho_bolinha19 has made the advancement [Monster Hunter]
[18:19:19] [Server thread/INFO]: Stopping the server
[18:19:19] [Server thread/INFO]: Stopping server
[18:19:19] [Server thread/INFO]: Saving players
[18:19:19] [Server thread/INFO]: Binho_bolinha19 lost connection: Server closed
[18:19:19] [Server thread/INFO]: Binho_bolinha19 left the game
[18:19:19] [Server thread/INFO]: Saving worlds
[18:19:19] [Server thread/INFO]: Saving chunks for level 'ServerLevel[world]'/minecraft:overworld
[18:19:19] [Server thread/INFO]: [ChunkHolderManager] Waiting 60s for chunk system to halt for world 'world'
[18:19:19] [Server thread/INFO]: [ChunkHolderManager] Halted chunk system for world 'world'
[18:19:19] [Server thread/INFO]: [ChunkHolderManager] Saving all chunkholders for world 'world'
[18:19:20] [Server thread/INFO]: [ChunkHolderManager] Saved 2498 block chunks, 1143 entity chunks, 17 poi chunks in world 'world' in 0.91s
[18:19:20] [Server thread/INFO]: [ChunkHolderManager] Waiting 60s for chunk I/O to halt for world 'world'
[18:19:20] [Server thread/INFO]: [ChunkHolderManager] Halted I/O scheduler for world 'world'
[18:19:20] [Server thread/INFO]: Saving chunks for level 'ServerLevel[world_nether]'/minecraft:the_nether
[18:19:20] [Server thread/INFO]: [ChunkHolderManager] Waiting 60s for chunk system to halt for world 'world_nether'
[18:19:20] [Server thread/INFO]: [ChunkHolderManager] Halted chunk system for world 'world_nether'
[18:19:20] [Server thread/INFO]: [ChunkHolderManager] Saving all chunkholders for world 'world_nether'
[18:19:20] [Server thread/INFO]: [ChunkHolderManager] Saved 841 block chunks, 49 entity chunks, 0 poi chunks in world 'world_nether' in 0.10s
[18:19:20] [Server thread/INFO]: [ChunkHolderManager] Waiting 60s for chunk I/O to halt for world 'world_nether'
[18:19:20] [Server thread/INFO]: [ChunkHolderManager] Halted I/O scheduler for world 'world_nether'
[18:19:20] [Server thread/INFO]: Saving chunks for level 'ServerLevel[world_the_end]'/minecraft:the_end
[18:19:20] [Server thread/INFO]: [ChunkHolderManager] Waiting 60s for chunk system to halt for world 'world_the_end'
[18:19:20] [Server thread/INFO]: [ChunkHolderManager] Halted chunk system for world 'world_the_end'
[18:19:20] [Server thread/INFO]: [ChunkHolderManager] Saving all chunkholders for world 'world_the_end'
[18:19:21] [Server thread/INFO]: [ChunkHolderManager] Saved 841 block chunks, 49 entity chunks, 0 poi chunks in world 'world_the_end' in 0.09s
[18:19:21] [Server thread/INFO]: [ChunkHolderManager] Waiting 60s for chunk I/O to halt for world 'world_the_end'
[18:19:21] [Server thread/INFO]: [ChunkHolderManager] Halted I/O scheduler for world 'world_the_end'
[18:19:21] [Server thread/INFO]: ThreadedAnvilChunkStorage (world): All chunks are saved
[18:19:21] [Server thread/INFO]: ThreadedAnvilChunkStorage (DIM-1): All chunks are saved
[18:19:21] [Server thread/INFO]: ThreadedAnvilChunkStorage (DIM1): All chunks are saved
[18:19:21] [Server thread/INFO]: ThreadedAnvilChunkStorage: All dimensions are saved
[18:19:21] [Server thread/INFO]: Waiting for all RegionFile I/O tasks to complete...
[18:19:21] [Server thread/INFO]: All RegionFile I/O tasks to complete
[18:19:21] [Server thread/INFO]: [MoonriseCommon] Awaiting termination of worker pool for up to 60s...
[18:19:21] [Server thread/INFO]: [MoonriseCommon] Awaiting termination of I/O pool for up to 60s...
